<?xml version="1.0" encoding="UTF-8"?>
<!-- Generated by org.testng.reporters.JUnitReportReporter -->
<testsuite hostname="DESKTOP-133IQLD" failures="0" tests="1" name="com.icehrm_automation.login.LoginTest" time="80.194" errors="0" timestamp="2023-03-13T16:57:43 IST" skipped="0">
  <testcase classname="com.icehrm_automation.login.LoginTest" name="addEmp" time="80.194"/>
  <system-out/>
</testsuite> <!-- com.icehrm_automation.login.LoginTest -->
