<?xml version="1.0" encoding="UTF-8"?>
<!-- Generated by org.testng.reporters.JUnitReportReporter -->
<testsuite hostname="DESKTOP-133IQLD" failures="0" tests="4" name="com.icehrm_automation.loginPage.Sample3" time="0.023" errors="0" timestamp="2023-03-30T23:01:35 IST" skipped="1">
  <testcase classname="com.icehrm_automation.loginPage.Sample3" name="login" time="0.017"/>
  <system-out/>
  <testcase classname="com.icehrm_automation.loginPage.Sample3" name="addEmp" time="0.003"/>
  <system-out/>
  <testcase classname="com.icehrm_automation.loginPage.Sample3" name="logout" time="0.003"/>
  <system-out/>
  <testcase classname="com.icehrm_automation.loginPage.Sample3" name="deleteEmp">
    <skipped/>
  </testcase> <!-- deleteEmp -->
  <system-out/>
</testsuite> <!-- com.icehrm_automation.loginPage.Sample3 -->
