<?xml version="1.0" encoding="UTF-8"?>
<!-- Generated by org.testng.reporters.JUnitReportReporter -->
<testsuite hostname="DESKTOP-133IQLD" failures="0" tests="2" name="com.icehrm_automation.loginPage.Sample1" time="0.051" errors="0" timestamp="2023-03-16T20:17:25 IST" skipped="0">
  <testcase classname="com.icehrm_automation.loginPage.Sample1" name="sample1Test2" time="0.015"/>
  <system-out/>
  <testcase classname="com.icehrm_automation.loginPage.Sample1" name="sample1Test1" time="0.036"/>
  <system-out/>
</testsuite> <!-- com.icehrm_automation.loginPage.Sample1 -->
