<?xml version="1.0" encoding="UTF-8"?>
<!-- Generated by org.testng.reporters.JUnitReportReporter -->
<testsuite hostname="DESKTOP-133IQLD" failures="0" tests="9" name="com.icehrm_automation.loginPage.ExcelTest" time="0.054" errors="0" timestamp="2023-03-18T10:23:13 IST" skipped="0">
  <testcase classname="com.icehrm_automation.loginPage.ExcelTest" name="test" time="0.003"/>
  <system-out/>
  <testcase classname="com.icehrm_automation.loginPage.ExcelTest" name="test" time="0.002"/>
  <system-out/>
  <testcase classname="com.icehrm_automation.loginPage.ExcelTest" name="test" time="0.002"/>
  <system-out/>
  <testcase classname="com.icehrm_automation.loginPage.ExcelTest" name="test" time="0.008"/>
  <system-out/>
  <testcase classname="com.icehrm_automation.loginPage.ExcelTest" name="test" time="0.005"/>
  <system-out/>
  <testcase classname="com.icehrm_automation.loginPage.ExcelTest" name="test" time="0.004"/>
  <system-out/>
  <testcase classname="com.icehrm_automation.loginPage.ExcelTest" name="test" time="0.019"/>
  <system-out/>
  <testcase classname="com.icehrm_automation.loginPage.ExcelTest" name="test" time="0.004"/>
  <system-out/>
  <testcase classname="com.icehrm_automation.loginPage.ExcelTest" name="test" time="0.007"/>
  <system-out/>
</testsuite> <!-- com.icehrm_automation.loginPage.ExcelTest -->
