<?xml version="1.0" encoding="UTF-8"?>
<!-- Generated by org.testng.reporters.JUnitReportReporter -->
<testsuite hostname="DESKTOP-133IQLD" failures="0" tests="2" name="com.icehrm_automation.loginPage.EmpTest" time="21.076" errors="0" timestamp="2023-03-22T20:31:50 IST" skipped="0">
  <testcase classname="com.icehrm_automation.loginPage.EmpTest" name="login" time="21.072"/>
  <system-out/>
  <testcase classname="com.icehrm_automation.loginPage.EmpTest" name="test" time="0.004"/>
  <system-out/>
</testsuite> <!-- com.icehrm_automation.loginPage.EmpTest -->
