<?xml version="1.0" encoding="UTF-8"?>
<!-- Generated by org.testng.reporters.JUnitReportReporter -->
<testsuite hostname="DESKTOP-133IQLD" failures="0" tests="1" name="com.icehrm_automation.loginPage.Sample5" time="0.027" errors="0" timestamp="2023-03-30T22:43:11 IST" skipped="0">
  <testcase classname="com.icehrm_automation.loginPage.Sample5" name="test" time="0.027"/>
  <system-out/>
</testsuite> <!-- com.icehrm_automation.loginPage.Sample5 -->
