<?xml version="1.0" encoding="UTF-8"?>
<!-- Generated by org.testng.reporters.JUnitReportReporter -->
<testsuite hostname="DESKTOP-133IQLD" failures="0" tests="4" name="com.icehrm.automation.testingExamples.Mathematics" time="0.035" errors="0" timestamp="2023-03-12T13:37:31 IST" skipped="0">
  <testcase classname="com.icehrm.automation.testingExamples.Mathematics" name="add" time="0.019"/>
  <system-out/>
  <testcase classname="com.icehrm.automation.testingExamples.Mathematics" name="div" time="0.008"/>
  <system-out/>
  <testcase classname="com.icehrm.automation.testingExamples.Mathematics" name="sub" time="0.005"/>
  <system-out/>
  <testcase classname="com.icehrm.automation.testingExamples.Mathematics" name="mul" time="0.003"/>
  <system-out/>
</testsuite> <!-- com.icehrm.automation.testingExamples.Mathematics -->
